Build started 2019-10-12 8:53:57 PM.
     1>Project "C:\Users\dongx\Documents\Visual Studio 2013\Projects\worm locomotion feature analysis\worm curvature analysis\worm curvature analysis.vcxproj" on node 2 (Build target(s)).
     1>ClCompile:
         C:\Program Files (x86)\Microsoft Visual Studio 12.0\VC\bin\CL.exe /c /ZI /nologo /W3 /WX- /sdl /Od /Oy- /D WIN32 /D _DEBUG /D _CONSOLE /D _LIB /D _UNICODE /D UNICODE /Gm /EHsc /RTC1 /MTd /GS /fp:precise /Zc:wchar_t /Zc:forScope /Yu"stdafx.h" /Fp"Debug\worm curvature analysis.pch" /Fo"Debug\\" /Fd"Debug\vc120.pdb" /Gd /TP /analyze- /errorReport:prompt "worm curvature analysis.cpp"
         worm curvature analysis.cpp
     1>c:\opencv_300\opencv\build\include\opencv2\core\mat.hpp(1965): warning C4819: The file contains a character that cannot be represented in the current code page (936). Save the file in Unicode format to prevent data loss
     1>c:\opencv_300\opencv\build\include\opencv2\core\persistence.hpp : warning C4819: The file contains a character that cannot be represented in the current code page (936). Save the file in Unicode format to prevent data loss
     1>c:\opencv_300\opencv\build\include\opencv2\core\utility.hpp : warning C4819: The file contains a character that cannot be represented in the current code page (936). Save the file in Unicode format to prevent data loss
     1>c:\users\dongx\documents\visual studio 2013\projects\worm locomotion feature analysis\worm curvature analysis\worm curvature analysis.cpp(129): warning C4244: 'initializing' : conversion from 'double' to 'int', possible loss of data
     1>c:\users\dongx\documents\visual studio 2013\projects\worm locomotion feature analysis\worm curvature analysis\worm curvature analysis.cpp(133): warning C4018: '<' : signed/unsigned mismatch
     1>c:\users\dongx\documents\visual studio 2013\projects\worm locomotion feature analysis\worm curvature analysis\worm curvature analysis.cpp(135): warning C4018: '<' : signed/unsigned mismatch
     1>c:\users\dongx\documents\visual studio 2013\projects\worm locomotion feature analysis\worm curvature analysis\worm curvature analysis.cpp(144): warning C4018: '<' : signed/unsigned mismatch
     1>c:\users\dongx\documents\visual studio 2013\projects\worm locomotion feature analysis\worm curvature analysis\worm curvature analysis.cpp(150): warning C4018: '<' : signed/unsigned mismatch
     1>c:\users\dongx\documents\visual studio 2013\projects\worm locomotion feature analysis\worm curvature analysis\worm curvature analysis.cpp(158): warning C4018: '<' : signed/unsigned mismatch
     1>c:\users\dongx\documents\visual studio 2013\projects\worm locomotion feature analysis\worm curvature analysis\worm curvature analysis.cpp(164): warning C4018: '<' : signed/unsigned mismatch
     1>c:\users\dongx\documents\visual studio 2013\projects\worm locomotion feature analysis\worm curvature analysis\worm curvature analysis.cpp(171): warning C4244: '=' : conversion from 'double' to 'int', possible loss of data
     1>c:\users\dongx\documents\visual studio 2013\projects\worm locomotion feature analysis\worm curvature analysis\worm curvature analysis.cpp(195): warning C4018: '<=' : signed/unsigned mismatch
     1>c:\users\dongx\documents\visual studio 2013\projects\worm locomotion feature analysis\worm curvature analysis\worm curvature analysis.cpp(196): warning C4018: '<=' : signed/unsigned mismatch
     1>c:\users\dongx\documents\visual studio 2013\projects\worm locomotion feature analysis\worm curvature analysis\worm curvature analysis.cpp(265): warning C4305: 'initializing' : truncation from 'double' to 'float'
     1>c:\users\dongx\documents\visual studio 2013\projects\worm locomotion feature analysis\worm curvature analysis\worm curvature analysis.cpp(271): warning C4244: 'initializing' : conversion from 'float' to 'int', possible loss of data
     1>c:\users\dongx\documents\visual studio 2013\projects\worm locomotion feature analysis\worm curvature analysis\worm curvature analysis.cpp(271): warning C4018: '<' : signed/unsigned mismatch
     1>c:\users\dongx\documents\visual studio 2013\projects\worm locomotion feature analysis\worm curvature analysis\worm curvature analysis.cpp(285): warning C4018: '<' : signed/unsigned mismatch
     1>c:\users\dongx\documents\visual studio 2013\projects\worm locomotion feature analysis\worm curvature analysis\worm curvature analysis.cpp(296): warning C4018: '<' : signed/unsigned mismatch
     1>c:\users\dongx\documents\visual studio 2013\projects\worm locomotion feature analysis\worm curvature analysis\worm curvature analysis.cpp(298): warning C4018: '>' : signed/unsigned mismatch
     1>c:\users\dongx\documents\visual studio 2013\projects\worm locomotion feature analysis\worm curvature analysis\worm curvature analysis.cpp(333): warning C4018: '>' : signed/unsigned mismatch
     1>c:\users\dongx\documents\visual studio 2013\projects\worm locomotion feature analysis\worm curvature analysis\worm curvature analysis.cpp(410): warning C4018: '<' : signed/unsigned mismatch
     1>c:\users\dongx\documents\visual studio 2013\projects\worm locomotion feature analysis\worm curvature analysis\worm curvature analysis.cpp(416): warning C4018: '<' : signed/unsigned mismatch
     1>c:\users\dongx\documents\visual studio 2013\projects\worm locomotion feature analysis\worm curvature analysis\worm curvature analysis.cpp(430): warning C4018: '<' : signed/unsigned mismatch
     1>c:\users\dongx\documents\visual studio 2013\projects\worm locomotion feature analysis\worm curvature analysis\worm curvature analysis.cpp(448): warning C4018: '>' : signed/unsigned mismatch
     1>c:\users\dongx\documents\visual studio 2013\projects\worm locomotion feature analysis\worm curvature analysis\worm curvature analysis.cpp(463): warning C4018: '>' : signed/unsigned mismatch
     1>c:\users\dongx\documents\visual studio 2013\projects\worm locomotion feature analysis\worm curvature analysis\worm curvature analysis.cpp(476): warning C4018: '<' : signed/unsigned mismatch
     1>c:\users\dongx\documents\visual studio 2013\projects\worm locomotion feature analysis\worm curvature analysis\worm curvature analysis.cpp(480): warning C4018: '<' : signed/unsigned mismatch
     1>c:\users\dongx\documents\visual studio 2013\projects\worm locomotion feature analysis\worm curvature analysis\worm curvature analysis.cpp(484): warning C4018: '<' : signed/unsigned mismatch
     1>c:\users\dongx\documents\visual studio 2013\projects\worm locomotion feature analysis\worm curvature analysis\worm curvature analysis.cpp(491): warning C4018: '<' : signed/unsigned mismatch
     1>c:\users\dongx\documents\visual studio 2013\projects\worm locomotion feature analysis\worm curvature analysis\worm curvature analysis.cpp(493): warning C4018: '<' : signed/unsigned mismatch
     1>c:\users\dongx\documents\visual studio 2013\projects\worm locomotion feature analysis\worm curvature analysis\worm curvature analysis.cpp(558): warning C4305: 'initializing' : truncation from 'double' to 'float'
     1>c:\users\dongx\documents\visual studio 2013\projects\worm locomotion feature analysis\worm curvature analysis\worm curvature analysis.cpp(567): warning C4018: '<' : signed/unsigned mismatch
     1>c:\users\dongx\documents\visual studio 2013\projects\worm locomotion feature analysis\worm curvature analysis\worm curvature analysis.cpp(572): warning C4018: '<' : signed/unsigned mismatch
     1>c:\users\dongx\documents\visual studio 2013\projects\worm locomotion feature analysis\worm curvature analysis\worm curvature analysis.cpp(577): warning C4018: '<' : signed/unsigned mismatch
     1>c:\users\dongx\documents\visual studio 2013\projects\worm locomotion feature analysis\worm curvature analysis\worm curvature analysis.cpp(670): warning C4018: '<' : signed/unsigned mismatch
     1>c:\users\dongx\documents\visual studio 2013\projects\worm locomotion feature analysis\worm curvature analysis\worm curvature analysis.cpp(674): warning C4018: '<' : signed/unsigned mismatch
     1>c:\users\dongx\documents\visual studio 2013\projects\worm locomotion feature analysis\worm curvature analysis\worm curvature analysis.cpp(684): warning C4018: '<' : signed/unsigned mismatch
       Link:
         C:\Program Files (x86)\Microsoft Visual Studio 12.0\VC\bin\link.exe /ERRORREPORT:PROMPT /OUT:"C:\Users\dongx\Documents\Visual Studio 2013\Projects\worm locomotion feature analysis\Debug\worm curvature analysis.exe" /INCREMENTAL /NOLOGO opencv_ts300d.lib opencv_world300d.lib IlmImfd.lib libjasperd.lib libjpegd.lib libpngd.lib libtiffd.lib libwebpd.lib opencv_calib3d300d.lib opencv_core300d.lib opencv_features2d300d.lib opencv_flann300d.lib opencv_highgui300d.lib opencv_imgcodecs300d.lib opencv_imgproc300d.lib opencv_ml300d.lib opencv_objdetect300d.lib opencv_photo300d.lib opencv_shape300d.lib opencv_stitching300d.lib opencv_superres300d.lib opencv_video300d.lib opencv_videoio300d.lib opencv_videostab300d.lib zlibd.lib kernel32.lib user32.lib gdi32.lib winspool.lib comdlg32.lib advapi32.lib shell32.lib ole32.lib oleaut32.lib uuid.lib odbc32.lib odbccp32.lib /MANIFEST /MANIFESTUAC:"level='asInvoker' uiAccess='false'" /manifest:embed /DEBUG /PDB:"C:\Users\dongx\Documents\Visual Studio 2013\Projects\worm locomotion feature analysis\Debug\worm curvature analysis.pdb" /SUBSYSTEM:CONSOLE /TLBID:1 /DYNAMICBASE /NXCOMPAT /IMPLIB:"C:\Users\dongx\Documents\Visual Studio 2013\Projects\worm locomotion feature analysis\Debug\worm curvature analysis.lib" /MACHINE:X86 Debug\stdafx.obj
         Debug\Timer.obj
         "Debug\worm curvature analysis.obj"
         Debug\WormTrack.obj
         worm curvature analysis.vcxproj -> C:\Users\dongx\Documents\Visual Studio 2013\Projects\worm locomotion feature analysis\Debug\worm curvature analysis.exe
     1>Done Building Project "C:\Users\dongx\Documents\Visual Studio 2013\Projects\worm locomotion feature analysis\worm curvature analysis\worm curvature analysis.vcxproj" (Build target(s)).

Build succeeded.

Time Elapsed 00:00:02.15
